<?xml version="1.0" encoding="UTF-8"?>
<testng-results skipped="0" failed="0" ignored="0" total="1" passed="1">
  <reporter-output>
  </reporter-output>
  <suite name="Default suite" duration-ms="5707" started-at="2020-07-22T08:52:17Z" finished-at="2020-07-22T08:52:22Z">
    <groups>
    </groups>
    <test name="Default test" duration-ms="5707" started-at="2020-07-22T08:52:17Z" finished-at="2020-07-22T08:52:22Z">
      <class name="testcases.TC_001">
        <test-method status="PASS" signature="testcase_1()[pri:0, instance:testcases.TC_001@cb5822]" name="testcase_1" duration-ms="5681" started-at="2020-07-22T08:52:17Z" finished-at="2020-07-22T08:52:22Z">
          <reporter-output>
          </reporter-output>
        </test-method> <!-- testcase_1 -->
      </class> <!-- testcases.TC_001 -->
    </test> <!-- Default test -->
  </suite> <!-- Default suite -->
</testng-results>
